#
# There is insufficient memory for the Java Runtime Environment to continue.
# Native memory allocation (mmap) failed to map 65536 bytes for Failed to commit metaspace.
# Possible reasons:
#   The system is out of physical RAM or swap space
#   The process is running with CompressedOops enabled, and the Java Heap may be blocking the growth of the native heap
# Possible solutions:
#   Reduce memory load on the system
#   Increase physical memory or swap space
#   Check if swap backing store is full
#   Decrease Java heap size (-Xmx/-Xms)
#   Decrease number of Java threads
#   Decrease Java thread stack sizes (-Xss)
#   Set larger code cache with -XX:ReservedCodeCacheSize=
#   JVM is running with Zero Based Compressed Oops mode in which the Java heap is
#     placed in the first 32GB address space. The Java Heap base address is the
#     maximum limit for the native heap growth. Please use -XX:HeapBaseMinAddress
#     to set the Java Heap base and to place the Java Heap above 32GB virtual address.
# This output file may be truncated or incomplete.
#
#  Out of Memory Error (virtualSpaceNode.cpp:110), pid=6656, tid=11832
#
# JRE version: Java(TM) SE Runtime Environment (17.0.4+11) (build 17.0.4+11-LTS-179)
# Java VM: Java HotSpot(TM) 64-Bit Server VM (17.0.4+11-LTS-179, mixed mode, emulated-client, sharing, tiered, compressed oops, compressed class ptrs, g1 gc, windows-amd64)
# No core dump will be written. Minidumps are not enabled by default on client versions of Windows
#

---------------  S U M M A R Y ------------

Command Line: -XX:TieredStopAtLevel=1 -Dspring.output.ansi.enabled=always -Dcom.sun.management.jmxremote -Dspring.jmx.enabled=true -Dspring.liveBeansView.mbeanDomain -Dspring.application.admin.enabled=true -Dmanagement.endpoints.jmx.exposure.include=* -javaagent:D:\桌面\新建文件夹 (5)\黑马旅游网资料\ideaIU-2022.3.1.win\ideaIU-2022.3.1.win\ideaIU-2022.3.1.win\lib\idea_rt.jar=57306:D:\桌面\新建文件夹 (5)\黑马旅游网资料\ideaIU-2022.3.1.win\ideaIU-2022.3.1.win\ideaIU-2022.3.1.win\bin -Dfile.encoding=UTF-8 com.SpringbootSchemaApplication

Host: 11th Gen Intel(R) Core(TM) i5-11320H @ 3.20GHz, 8 cores, 15G,  Windows 11 , 64 bit Build 22621 (10.0.22621.3672)
Time: Thu Jun 13 22:42:26 2024  Windows 11 , 64 bit Build 22621 (10.0.22621.3672) elapsed time: 0.442927 seconds (0d 0h 0m 0s)

---------------  T H R E A D  ---------------

Current thread (0x000001dacb6e0d30):  JavaThread "main" [_thread_in_vm, id=11832, stack(0x0000002e01500000,0x0000002e01600000)]

Stack: [0x0000002e01500000,0x0000002e01600000]
Native frames: (J=compiled Java code, j=interpreted, Vv=VM code, C=native code)
V  [jvm.dll+0x6723da]
V  [jvm.dll+0x7d1f74]
V  [jvm.dll+0x7d371e]
V  [jvm.dll+0x7d3d83]
V  [jvm.dll+0x242ed5]
V  [jvm.dll+0x7cdf1b]
V  [jvm.dll+0x618186]
V  [jvm.dll+0x1be79e]
V  [jvm.dll+0x61aac1]
V  [jvm.dll+0x618b26]
V  [jvm.dll+0x237a61]
V  [jvm.dll+0x1e8370]
V  [jvm.dll+0x1e87f5]
V  [jvm.dll+0x1e922f]
V  [jvm.dll+0x1de6e1]
V  [jvm.dll+0x538b90]
V  [jvm.dll+0x74c9c8]
V  [jvm.dll+0x74cab4]
V  [jvm.dll+0x409465]
V  [jvm.dll+0x40f4b8]
C  [java.dll+0x17ec]

Java frames: (J=compiled Java code, j=interpreted, Vv=VM code)
j  java.lang.ClassLoader.defineClass1(Ljava/lang/ClassLoader;Ljava/lang/String;[BIILjava/security/ProtectionDomain;Ljava/lang/String;)Ljava/lang/Class;+0 java.base@17.0.4
j  java.lang.ClassLoader.defineClass(Ljava/lang/String;[BIILjava/security/ProtectionDomain;)Ljava/lang/Class;+27 java.base@17.0.4
j  java.security.SecureClassLoader.defineClass(Ljava/lang/String;[BIILjava/security/CodeSource;)Ljava/lang/Class;+12 java.base@17.0.4
j  jdk.internal.loader.BuiltinClassLoader.defineClass(Ljava/lang/String;Ljdk/internal/loader/Resource;)Ljava/lang/Class;+117 java.base@17.0.4
j  jdk.internal.loader.BuiltinClassLoader.findClassOnClassPathOrNull(Ljava/lang/String;)Ljava/lang/Class;+37 java.base@17.0.4
J 952 c1 jdk.internal.loader.BuiltinClassLoader.loadClassOrNull(Ljava/lang/String;Z)Ljava/lang/Class; java.base@17.0.4 (143 bytes) @ 0x000001dad32bb284 [0x000001dad32bae00+0x0000000000000484]
J 1084 c1 jdk.internal.loader.ClassLoaders$AppClassLoader.loadClass(Ljava/lang/String;Z)Ljava/lang/Class; java.base@17.0.4 (40 bytes) @ 0x000001dad3382b2c [0x000001dad33829e0+0x000000000000014c]
J 1078 c1 java.lang.ClassLoader.loadClass(Ljava/lang/String;)Ljava/lang/Class; java.base@17.0.4 (7 bytes) @ 0x000001dad3380ae4 [0x000001dad3380aa0+0x0000000000000044]
v  ~StubRoutines::call_stub
j  org.springframework.beans.BeanUtils.instantiateClass(Ljava/lang/reflect/Constructor;[Ljava/lang/Object;)Ljava/lang/Object;+7
j  org.springframework.boot.SpringApplication.createSpringFactoriesInstances(Ljava/lang/Class;[Ljava/lang/Class;Ljava/lang/ClassLoader;[Ljava/lang/Object;Ljava/util/Set;)Ljava/util/List;+73
j  org.springframework.boot.SpringApplication.getSpringFactoriesInstances(Ljava/lang/Class;[Ljava/lang/Class;[Ljava/lang/Object;)Ljava/util/Collection;+29
j  org.springframework.boot.SpringApplication.getSpringFactoriesInstances(Ljava/lang/Class;)Ljava/util/Collection;+10
j  org.springframework.boot.SpringApplication.<init>(Lorg/springframework/core/io/ResourceLoader;[Ljava/lang/Class;)V+105
j  org.springframework.boot.SpringApplication.<init>([Ljava/lang/Class;)V+3
j  org.springframework.boot.SpringApplication.run([Ljava/lang/Class;[Ljava/lang/String;)Lorg/springframework/context/ConfigurableApplicationContext;+5
j  org.springframework.boot.SpringApplication.run(Ljava/lang/Class;[Ljava/lang/String;)Lorg/springframework/context/ConfigurableApplicationContext;+9
j  com.SpringbootSchemaApplication.main([Ljava/lang/String;)V+3
v  ~StubRoutines::call_stub

---------------  P R O C E S S  ---------------

Threads class SMR info:
_java_thread_list=0x000001dae33b40a0, length=16, elements={
0x000001dacb6e0d30, 0x000001dae2183c20, 0x000001dae21867e0, 0x000001dae2c05050,
0x000001dae2c05ec0, 0x000001dae2c02ea0, 0x000001dae2c03d10, 0x000001dae2c16360,
0x000001dae2c22f20, 0x000001dae2c02500, 0x000001dae2cf97a0, 0x000001dae21708d0,
0x000001dae2c029d0, 0x000001dae2c041e0, 0x000001dae2c046b0, 0x000001dae33e1c30
}

Java Threads: ( => current thread )
=>0x000001dacb6e0d30 JavaThread "main" [_thread_in_vm, id=11832, stack(0x0000002e01500000,0x0000002e01600000)]
  0x000001dae2183c20 JavaThread "Reference Handler" daemon [_thread_blocked, id=18660, stack(0x0000002e01c00000,0x0000002e01d00000)]
  0x000001dae21867e0 JavaThread "Finalizer" daemon [_thread_blocked, id=5904, stack(0x0000002e01d00000,0x0000002e01e00000)]
  0x000001dae2c05050 JavaThread "Signal Dispatcher" daemon [_thread_blocked, id=9620, stack(0x0000002e01e00000,0x0000002e01f00000)]
  0x000001dae2c05ec0 JavaThread "Attach Listener" daemon [_thread_blocked, id=12636, stack(0x0000002e01f00000,0x0000002e02000000)]
  0x000001dae2c02ea0 JavaThread "Service Thread" daemon [_thread_blocked, id=9760, stack(0x0000002e02000000,0x0000002e02100000)]
  0x000001dae2c03d10 JavaThread "Monitor Deflation Thread" daemon [_thread_blocked, id=7556, stack(0x0000002e02100000,0x0000002e02200000)]
  0x000001dae2c16360 JavaThread "C1 CompilerThread0" daemon [_thread_blocked, id=4288, stack(0x0000002e02200000,0x0000002e02300000)]
  0x000001dae2c22f20 JavaThread "Sweeper thread" daemon [_thread_blocked, id=1912, stack(0x0000002e02300000,0x0000002e02400000)]
  0x000001dae2c02500 JavaThread "Common-Cleaner" daemon [_thread_blocked, id=12316, stack(0x0000002e02400000,0x0000002e02500000)]
  0x000001dae2cf97a0 JavaThread "C1 CompilerThread1" daemon [_thread_blocked, id=1496, stack(0x0000002e02500000,0x0000002e02600000)]
  0x000001dae21708d0 JavaThread "C1 CompilerThread2" daemon [_thread_blocked, id=11788, stack(0x0000002e02600000,0x0000002e02700000)]
  0x000001dae2c029d0 JavaThread "Monitor Ctrl-Break" daemon [_thread_in_native, id=6872, stack(0x0000002e02700000,0x0000002e02800000)]
  0x000001dae2c041e0 JavaThread "Notification Thread" daemon [_thread_blocked, id=21592, stack(0x0000002e02800000,0x0000002e02900000)]
  0x000001dae2c046b0 JavaThread "RMI TCP Accept-0" daemon [_thread_in_native, id=11408, stack(0x0000002e02900000,0x0000002e02a00000)]
  0x000001dae33e1c30 JavaThread "C1 CompilerThread3" daemon [_thread_blocked, id=22092, stack(0x0000002e02b00000,0x0000002e02c00000)]

Other Threads:
  0x000001dae217d170 VMThread "VM Thread" [stack: 0x0000002e01b00000,0x0000002e01c00000] [id=16748]
  0x000001dacb777900 WatcherThread [stack: 0x0000002e02a00000,0x0000002e02b00000] [id=10340]
  0x000001dacb74d320 GCTaskThread "GC Thread#0" [stack: 0x0000002e01600000,0x0000002e01700000] [id=14036]
  0x000001dacb75ef00 ConcurrentGCThread "G1 Main Marker" [stack: 0x0000002e01700000,0x0000002e01800000] [id=20940]
  0x000001dacb75f910 ConcurrentGCThread "G1 Conc#0" [stack: 0x0000002e01800000,0x0000002e01900000] [id=4488]
  0x000001dae203b530 ConcurrentGCThread "G1 Refine#0" [stack: 0x0000002e01900000,0x0000002e01a00000] [id=3648]
  0x000001dae203bd60 ConcurrentGCThread "G1 Service" [stack: 0x0000002e01a00000,0x0000002e01b00000] [id=13212]

Threads with active compile tasks:

VM state: not at safepoint (normal execution)

VM Mutex/Monitor currently owned by a thread:  ([mutex/lock_event])
[0x000001dacb6cda30] Metaspace_lock - owner thread: 0x000001dacb6e0d30

Heap address: 0x0000000703600000, size: 4042 MB, Compressed Oops mode: Zero based, Oop shift amount: 3

CDS archive(s) mapped at: [0x0000000800000000-0x0000000800bc0000-0x0000000800bc0000), size 12320768, SharedBaseAddress: 0x0000000800000000, ArchiveRelocationMode: 0.
Compressed class space mapped at: 0x0000000800c00000-0x0000000840c00000, reserved size: 1073741824
Narrow klass base: 0x0000000800000000, Narrow klass shift: 0, Narrow klass range: 0x100000000

GC Precious Log:
 CPUs: 8 total, 8 available
 Memory: 16167M
 Large Page Support: Disabled
 NUMA Support: Disabled
 Compressed Oops: Enabled (Zero based)
 Heap Region Size: 2M
 Heap Min Capacity: 8M
 Heap Initial Capacity: 254M
 Heap Max Capacity: 4042M
 Pre-touch: Disabled
 Parallel Workers: 8
 Concurrent Workers: 2
 Concurrent Refinement Workers: 8
 Periodic GC: Disabled

Heap:
 garbage-first heap   total 260096K, used 16384K [0x0000000703600000, 0x0000000800000000)
  region size 2048K, 9 young (18432K), 0 survivors (0K)
 Metaspace       used 5707K, committed 5824K, reserved 1056768K
  class space    used 698K, committed 768K, reserved 1048576K

Heap Regions: E=young(eden), S=young(survivor), O=old, HS=humongous(starts), HC=humongous(continues), CS=collection set, F=free, OA=open archive, CA=closed archive, TAMS=top-at-mark-start (previous, next)
|   0|0x0000000703600000, 0x0000000703600000, 0x0000000703800000|  0%| F|  |TAMS 0x0000000703600000, 0x0000000703600000| Untracked 
|   1|0x0000000703800000, 0x0000000703800000, 0x0000000703a00000|  0%| F|  |TAMS 0x0000000703800000, 0x0000000703800000| Untracked 
|   2|0x0000000703a00000, 0x0000000703a00000, 0x0000000703c00000|  0%| F|  |TAMS 0x0000000703a00000, 0x0000000703a00000| Untracked 
|   3|0x0000000703c00000, 0x0000000703c00000, 0x0000000703e00000|  0%| F|  |TAMS 0x0000000703c00000, 0x0000000703c00000| Untracked 
|   4|0x0000000703e00000, 0x0000000703e00000, 0x0000000704000000|  0%| F|  |TAMS 0x0000000703e00000, 0x0000000703e00000| Untracked 
|   5|0x0000000704000000, 0x0000000704000000, 0x0000000704200000|  0%| F|  |TAMS 0x0000000704000000, 0x0000000704000000| Untracked 
|   6|0x0000000704200000, 0x0000000704200000, 0x0000000704400000|  0%| F|  |TAMS 0x0000000704200000, 0x0000000704200000| Untracked 
|   7|0x0000000704400000, 0x0000000704400000, 0x0000000704600000|  0%| F|  |TAMS 0x0000000704400000, 0x0000000704400000| Untracked 
|   8|0x0000000704600000, 0x0000000704600000, 0x0000000704800000|  0%| F|  |TAMS 0x0000000704600000, 0x0000000704600000| Untracked 
|   9|0x0000000704800000, 0x0000000704800000, 0x0000000704a00000|  0%| F|  |TAMS 0x0000000704800000, 0x0000000704800000| Untracked 
|  10|0x0000000704a00000, 0x0000000704a00000, 0x0000000704c00000|  0%| F|  |TAMS 0x0000000704a00000, 0x0000000704a00000| Untracked 
|  11|0x0000000704c00000, 0x0000000704c00000, 0x0000000704e00000|  0%| F|  |TAMS 0x0000000704c00000, 0x0000000704c00000| Untracked 
|  12|0x0000000704e00000, 0x0000000704e00000, 0x0000000705000000|  0%| F|  |TAMS 0x0000000704e00000, 0x0000000704e00000| Untracked 
|  13|0x0000000705000000, 0x0000000705000000, 0x0000000705200000|  0%| F|  |TAMS 0x0000000705000000, 0x0000000705000000| Untracked 
|  14|0x0000000705200000, 0x0000000705200000, 0x0000000705400000|  0%| F|  |TAMS 0x0000000705200000, 0x0000000705200000| Untracked 
|  15|0x0000000705400000, 0x0000000705400000, 0x0000000705600000|  0%| F|  |TAMS 0x0000000705400000, 0x0000000705400000| Untracked 
|  16|0x0000000705600000, 0x0000000705600000, 0x0000000705800000|  0%| F|  |TAMS 0x0000000705600000, 0x0000000705600000| Untracked 
|  17|0x0000000705800000, 0x0000000705800000, 0x0000000705a00000|  0%| F|  |TAMS 0x0000000705800000, 0x0000000705800000| Untracked 
|  18|0x0000000705a00000, 0x0000000705a00000, 0x0000000705c00000|  0%| F|  |TAMS 0x0000000705a00000, 0x0000000705a00000| Untracked 
|  19|0x0000000705c00000, 0x0000000705c00000, 0x0000000705e00000|  0%| F|  |TAMS 0x0000000705c00000, 0x0000000705c00000| Untracked 
|  20|0x0000000705e00000, 0x0000000705e00000, 0x0000000706000000|  0%| F|  |TAMS 0x0000000705e00000, 0x0000000705e00000| Untracked 
|  21|0x0000000706000000, 0x0000000706000000, 0x0000000706200000|  0%| F|  |TAMS 0x0000000706000000, 0x0000000706000000| Untracked 
|  22|0x0000000706200000, 0x0000000706200000, 0x0000000706400000|  0%| F|  |TAMS 0x0000000706200000, 0x0000000706200000| Untracked 
|  23|0x0000000706400000, 0x0000000706400000, 0x0000000706600000|  0%| F|  |TAMS 0x0000000706400000, 0x0000000706400000| Untracked 
|  24|0x0000000706600000, 0x0000000706600000, 0x0000000706800000|  0%| F|  |TAMS 0x0000000706600000, 0x0000000706600000| Untracked 
|  25|0x0000000706800000, 0x0000000706800000, 0x0000000706a00000|  0%| F|  |TAMS 0x0000000706800000, 0x0000000706800000| Untracked 
|  26|0x0000000706a00000, 0x0000000706a00000, 0x0000000706c00000|  0%| F|  |TAMS 0x0000000706a00000, 0x0000000706a00000| Untracked 
|  27|0x0000000706c00000, 0x0000000706c00000, 0x0000000706e00000|  0%| F|  |TAMS 0x0000000706c00000, 0x0000000706c00000| Untracked 
|  28|0x0000000706e00000, 0x0000000706e00000, 0x0000000707000000|  0%| F|  |TAMS 0x0000000706e00000, 0x0000000706e00000| Untracked 
|  29|0x0000000707000000, 0x0000000707000000, 0x0000000707200000|  0%| F|  |TAMS 0x0000000707000000, 0x0000000707000000| Untracked 
|  30|0x0000000707200000, 0x0000000707200000, 0x0000000707400000|  0%| F|  |TAMS 0x0000000707200000, 0x0000000707200000| Untracked 
|  31|0x0000000707400000, 0x0000000707400000, 0x0000000707600000|  0%| F|  |TAMS 0x0000000707400000, 0x0000000707400000| Untracked 
|  32|0x0000000707600000, 0x0000000707600000, 0x0000000707800000|  0%| F|  |TAMS 0x0000000707600000, 0x0000000707600000| Untracked 
|  33|0x0000000707800000, 0x0000000707800000, 0x0000000707a00000|  0%| F|  |TAMS 0x0000000707800000, 0x0000000707800000| Untracked 
|  34|0x0000000707a00000, 0x0000000707a00000, 0x0000000707c00000|  0%| F|  |TAMS 0x0000000707a00000, 0x0000000707a00000| Untracked 
|  35|0x0000000707c00000, 0x0000000707c00000, 0x0000000707e00000|  0%| F|  |TAMS 0x0000000707c00000, 0x0000000707c00000| Untracked 
|  36|0x0000000707e00000, 0x0000000707e00000, 0x0000000708000000|  0%| F|  |TAMS 0x0000000707e00000, 0x0000000707e00000| Untracked 
|  37|0x0000000708000000, 0x0000000708000000, 0x0000000708200000|  0%| F|  |TAMS 0x0000000708000000, 0x0000000708000000| Untracked 
|  38|0x0000000708200000, 0x0000000708200000, 0x0000000708400000|  0%| F|  |TAMS 0x0000000708200000, 0x0000000708200000| Untracked 
|  39|0x0000000708400000, 0x0000000708400000, 0x0000000708600000|  0%| F|  |TAMS 0x0000000708400000, 0x0000000708400000| Untracked 
|  40|0x0000000708600000, 0x0000000708600000, 0x0000000708800000|  0%| F|  |TAMS 0x0000000708600000, 0x0000000708600000| Untracked 
|  41|0x0000000708800000, 0x0000000708800000, 0x0000000708a00000|  0%| F|  |TAMS 0x0000000708800000, 0x0000000708800000| Untracked 
|  42|0x0000000708a00000, 0x0000000708a00000, 0x0000000708c00000|  0%| F|  |TAMS 0x0000000708a00000, 0x0000000708a00000| Untracked 
|  43|0x0000000708c00000, 0x0000000708c00000, 0x0000000708e00000|  0%| F|  |TAMS 0x0000000708c00000, 0x0000000708c00000| Untracked 
|  44|0x0000000708e00000, 0x0000000708e00000, 0x0000000709000000|  0%| F|  |TAMS 0x0000000708e00000, 0x0000000708e00000| Untracked 
|  45|0x0000000709000000, 0x0000000709000000, 0x0000000709200000|  0%| F|  |TAMS 0x0000000709000000, 0x0000000709000000| Untracked 
|  46|0x0000000709200000, 0x0000000709200000, 0x0000000709400000|  0%| F|  |TAMS 0x0000000709200000, 0x0000000709200000| Untracked 
|  47|0x0000000709400000, 0x0000000709400000, 0x0000000709600000|  0%| F|  |TAMS 0x0000000709400000, 0x0000000709400000| Untracked 
|  48|0x0000000709600000, 0x0000000709600000, 0x0000000709800000|  0%| F|  |TAMS 0x0000000709600000, 0x0000000709600000| Untracked 
|  49|0x0000000709800000, 0x0000000709800000, 0x0000000709a00000|  0%| F|  |TAMS 0x0000000709800000, 0x0000000709800000| Untracked 
|  50|0x0000000709a00000, 0x0000000709a00000, 0x0000000709c00000|  0%| F|  |TAMS 0x0000000709a00000, 0x0000000709a00000| Untracked 
|  51|0x0000000709c00000, 0x0000000709c00000, 0x0000000709e00000|  0%| F|  |TAMS 0x0000000709c00000, 0x0000000709c00000| Untracked 
|  52|0x0000000709e00000, 0x0000000709e00000, 0x000000070a000000|  0%| F|  |TAMS 0x0000000709e00000, 0x0000000709e00000| Untracked 
|  53|0x000000070a000000, 0x000000070a000000, 0x000000070a200000|  0%| F|  |TAMS 0x000000070a000000, 0x000000070a000000| Untracked 
|  54|0x000000070a200000, 0x000000070a200000, 0x000000070a400000|  0%| F|  |TAMS 0x000000070a200000, 0x000000070a200000| Untracked 
|  55|0x000000070a400000, 0x000000070a400000, 0x000000070a600000|  0%| F|  |TAMS 0x000000070a400000, 0x000000070a400000| Untracked 
|  56|0x000000070a600000, 0x000000070a600000, 0x000000070a800000|  0%| F|  |TAMS 0x000000070a600000, 0x000000070a600000| Untracked 
|  57|0x000000070a800000, 0x000000070a800000, 0x000000070aa00000|  0%| F|  |TAMS 0x000000070a800000, 0x000000070a800000| Untracked 
|  58|0x000000070aa00000, 0x000000070aa00000, 0x000000070ac00000|  0%| F|  |TAMS 0x000000070aa00000, 0x000000070aa00000| Untracked 
|  59|0x000000070ac00000, 0x000000070ac00000, 0x000000070ae00000|  0%| F|  |TAMS 0x000000070ac00000, 0x000000070ac00000| Untracked 
|  60|0x000000070ae00000, 0x000000070ae00000, 0x000000070b000000|  0%| F|  |TAMS 0x000000070ae00000, 0x000000070ae00000| Untracked 
|  61|0x000000070b000000, 0x000000070b000000, 0x000000070b200000|  0%| F|  |TAMS 0x000000070b000000, 0x000000070b000000| Untracked 
|  62|0x000000070b200000, 0x000000070b200000, 0x000000070b400000|  0%| F|  |TAMS 0x000000070b200000, 0x000000070b200000| Untracked 
|  63|0x000000070b400000, 0x000000070b400000, 0x000000070b600000|  0%| F|  |TAMS 0x000000070b400000, 0x000000070b400000| Untracked 
|  64|0x000000070b600000, 0x000000070b600000, 0x000000070b800000|  0%| F|  |TAMS 0x000000070b600000, 0x000000070b600000| Untracked 
|  65|0x000000070b800000, 0x000000070b800000, 0x000000070ba00000|  0%| F|  |TAMS 0x000000070b800000, 0x000000070b800000| Untracked 
|  66|0x000000070ba00000, 0x000000070ba00000, 0x000000070bc00000|  0%| F|  |TAMS 0x000000070ba00000, 0x000000070ba00000| Untracked 
|  67|0x000000070bc00000, 0x000000070bc00000, 0x000000070be00000|  0%| F|  |TAMS 0x000000070bc00000, 0x000000070bc00000| Untracked 
|  68|0x000000070be00000, 0x000000070be00000, 0x000000070c000000|  0%| F|  |TAMS 0x000000070be00000, 0x000000070be00000| Untracked 
|  69|0x000000070c000000, 0x000000070c000000, 0x000000070c200000|  0%| F|  |TAMS 0x000000070c000000, 0x000000070c000000| Untracked 
|  70|0x000000070c200000, 0x000000070c200000, 0x000000070c400000|  0%| F|  |TAMS 0x000000070c200000, 0x000000070c200000| Untracked 
|  71|0x000000070c400000, 0x000000070c400000, 0x000000070c600000|  0%| F|  |TAMS 0x000000070c400000, 0x000000070c400000| Untracked 
|  72|0x000000070c600000, 0x000000070c600000, 0x000000070c800000|  0%| F|  |TAMS 0x000000070c600000, 0x000000070c600000| Untracked 
|  73|0x000000070c800000, 0x000000070c800000, 0x000000070ca00000|  0%| F|  |TAMS 0x000000070c800000, 0x000000070c800000| Untracked 
|  74|0x000000070ca00000, 0x000000070ca00000, 0x000000070cc00000|  0%| F|  |TAMS 0x000000070ca00000, 0x000000070ca00000| Untracked 
|  75|0x000000070cc00000, 0x000000070cc00000, 0x000000070ce00000|  0%| F|  |TAMS 0x000000070cc00000, 0x000000070cc00000| Untracked 
|  76|0x000000070ce00000, 0x000000070ce00000, 0x000000070d000000|  0%| F|  |TAMS 0x000000070ce00000, 0x000000070ce00000| Untracked 
|  77|0x000000070d000000, 0x000000070d000000, 0x000000070d200000|  0%| F|  |TAMS 0x000000070d000000, 0x000000070d000000| Untracked 
|  78|0x000000070d200000, 0x000000070d200000, 0x000000070d400000|  0%| F|  |TAMS 0x000000070d200000, 0x000000070d200000| Untracked 
|  79|0x000000070d400000, 0x000000070d400000, 0x000000070d600000|  0%| F|  |TAMS 0x000000070d400000, 0x000000070d400000| Untracked 
|  80|0x000000070d600000, 0x000000070d600000, 0x000000070d800000|  0%| F|  |TAMS 0x000000070d600000, 0x000000070d600000| Untracked 
|  81|0x000000070d800000, 0x000000070d800000, 0x000000070da00000|  0%| F|  |TAMS 0x000000070d800000, 0x000000070d800000| Untracked 
|  82|0x000000070da00000, 0x000000070da00000, 0x000000070dc00000|  0%| F|  |TAMS 0x000000070da00000, 0x000000070da00000| Untracked 
|  83|0x000000070dc00000, 0x000000070dc00000, 0x000000070de00000|  0%| F|  |TAMS 0x000000070dc00000, 0x000000070dc00000| Untracked 
|  84|0x000000070de00000, 0x000000070de00000, 0x000000070e000000|  0%| F|  |TAMS 0x000000070de00000, 0x000000070de00000| Untracked 
|  85|0x000000070e000000, 0x000000070e000000, 0x000000070e200000|  0%| F|  |TAMS 0x000000070e000000, 0x000000070e000000| Untracked 
|  86|0x000000070e200000, 0x000000070e200000, 0x000000070e400000|  0%| F|  |TAMS 0x000000070e200000, 0x000000070e200000| Untracked 
|  87|0x000000070e400000, 0x000000070e400000, 0x000000070e600000|  0%| F|  |TAMS 0x000000070e400000, 0x000000070e400000| Untracked 
|  88|0x000000070e600000, 0x000000070e600000, 0x000000070e800000|  0%| F|  |TAMS 0x000000070e600000, 0x000000070e600000| Untracked 
|  89|0x000000070e800000, 0x000000070e800000, 0x000000070ea00000|  0%| F|  |TAMS 0x000000070e800000, 0x000000070e800000| Untracked 
|  90|0x000000070ea00000, 0x000000070ea00000, 0x000000070ec00000|  0%| F|  |TAMS 0x000000070ea00000, 0x000000070ea00000| Untracked 
|  91|0x000000070ec00000, 0x000000070ec00000, 0x000000070ee00000|  0%| F|  |TAMS 0x000000070ec00000, 0x000000070ec00000| Untracked 
|  92|0x000000070ee00000, 0x000000070ee00000, 0x000000070f000000|  0%| F|  |TAMS 0x000000070ee00000, 0x000000070ee00000| Untracked 
|  93|0x000000070f000000, 0x000000070f000000, 0x000000070f200000|  0%| F|  |TAMS 0x000000070f000000, 0x000000070f000000| Untracked 
|  94|0x000000070f200000, 0x000000070f200000, 0x000000070f400000|  0%| F|  |TAMS 0x000000070f200000, 0x000000070f200000| Untracked 
|  95|0x000000070f400000, 0x000000070f400000, 0x000000070f600000|  0%| F|  |TAMS 0x000000070f400000, 0x000000070f400000| Untracked 
|  96|0x000000070f600000, 0x000000070f600000, 0x000000070f800000|  0%| F|  |TAMS 0x000000070f600000, 0x000000070f600000| Untracked 
|  97|0x000000070f800000, 0x000000070f800000, 0x000000070fa00000|  0%| F|  |TAMS 0x000000070f800000, 0x000000070f800000| Untracked 
|  98|0x000000070fa00000, 0x000000070fa00000, 0x000000070fc00000|  0%| F|  |TAMS 0x000000070fa00000, 0x000000070fa00000| Untracked 
|  99|0x000000070fc00000, 0x000000070fc00000, 0x000000070fe00000|  0%| F|  |TAMS 0x000000070fc00000, 0x000000070fc00000| Untracked 
| 100|0x000000070fe00000, 0x000000070fe00000, 0x0000000710000000|  0%| F|  |TAMS 0x000000070fe00000, 0x000000070fe00000| Untracked 
| 101|0x0000000710000000, 0x0000000710000000, 0x0000000710200000|  0%| F|  |TAMS 0x0000000710000000, 0x0000000710000000| Untracked 
| 102|0x0000000710200000, 0x0000000710200000, 0x0000000710400000|  0%| F|  |TAMS 0x0000000710200000, 0x0000000710200000| Untracked 
| 103|0x0000000710400000, 0x0000000710400000, 0x0000000710600000|  0%| F|  |TAMS 0x0000000710400000, 0x0000000710400000| Untracked 
| 104|0x0000000710600000, 0x0000000710600000, 0x0000000710800000|  0%| F|  |TAMS 0x0000000710600000, 0x0000000710600000| Untracked 
| 105|0x0000000710800000, 0x0000000710800000, 0x0000000710a00000|  0%| F|  |TAMS 0x0000000710800000, 0x0000000710800000| Untracked 
| 106|0x0000000710a00000, 0x0000000710a00000, 0x0000000710c00000|  0%| F|  |TAMS 0x0000000710a00000, 0x0000000710a00000| Untracked 
| 107|0x0000000710c00000, 0x0000000710c00000, 0x0000000710e00000|  0%| F|  |TAMS 0x0000000710c00000, 0x0000000710c00000| Untracked 
| 108|0x0000000710e00000, 0x0000000710e00000, 0x0000000711000000|  0%| F|  |TAMS 0x0000000710e00000, 0x0000000710e00000| Untracked 
| 109|0x0000000711000000, 0x0000000711000000, 0x0000000711200000|  0%| F|  |TAMS 0x0000000711000000, 0x0000000711000000| Untracked 
| 110|0x0000000711200000, 0x0000000711200000, 0x0000000711400000|  0%| F|  |TAMS 0x0000000711200000, 0x0000000711200000| Untracked 
| 111|0x0000000711400000, 0x0000000711400000, 0x0000000711600000|  0%| F|  |TAMS 0x0000000711400000, 0x0000000711400000| Untracked 
| 112|0x0000000711600000, 0x0000000711600000, 0x0000000711800000|  0%| F|  |TAMS 0x0000000711600000, 0x0000000711600000| Untracked 
| 113|0x0000000711800000, 0x0000000711800000, 0x0000000711a00000|  0%| F|  |TAMS 0x0000000711800000, 0x0000000711800000| Untracked 
| 114|0x0000000711a00000, 0x0000000711a00000, 0x0000000711c00000|  0%| F|  |TAMS 0x0000000711a00000, 0x0000000711a00000| Untracked 
| 115|0x0000000711c00000, 0x0000000711c00000, 0x0000000711e00000|  0%| F|  |TAMS 0x0000000711c00000, 0x0000000711c00000| Untracked 
| 116|0x0000000711e00000, 0x0000000711e00000, 0x0000000712000000|  0%| F|  |TAMS 0x0000000711e00000, 0x0000000711e00000| Untracked 
| 117|0x0000000712000000, 0x0000000712000000, 0x0000000712200000|  0%| F|  |TAMS 0x0000000712000000, 0x0000000712000000| Untracked 
| 118|0x0000000712200000, 0x00000007122712a0, 0x0000000712400000| 22%| E|  |TAMS 0x0000000712200000, 0x0000000712200000| Complete 
| 119|0x0000000712400000, 0x0000000712600000, 0x0000000712600000|100%| E|CS|TAMS 0x0000000712400000, 0x0000000712400000| Complete 
| 120|0x0000000712600000, 0x0000000712800000, 0x0000000712800000|100%| E|CS|TAMS 0x0000000712600000, 0x0000000712600000| Complete 
| 121|0x0000000712800000, 0x0000000712a00000, 0x0000000712a00000|100%| E|CS|TAMS 0x0000000712800000, 0x0000000712800000| Complete 
| 122|0x0000000712a00000, 0x0000000712c00000, 0x0000000712c00000|100%| E|CS|TAMS 0x0000000712a00000, 0x0000000712a00000| Complete 
| 123|0x0000000712c00000, 0x0000000712e00000, 0x0000000712e00000|100%| E|CS|TAMS 0x0000000712c00000, 0x0000000712c00000| Complete 
| 124|0x0000000712e00000, 0x0000000713000000, 0x0000000713000000|100%| E|CS|TAMS 0x0000000712e00000, 0x0000000712e00000| Complete 
| 125|0x0000000713000000, 0x0000000713200000, 0x0000000713200000|100%| E|CS|TAMS 0x0000000713000000, 0x0000000713000000| Complete 
| 126|0x0000000713200000, 0x0000000713400000, 0x0000000713400000|100%| E|CS|TAMS 0x0000000713200000, 0x0000000713200000| Complete 

Card table byte_map: [0x000001dad6840000,0x000001dad7030000] _byte_map_base: 0x000001dad3025000

Marking Bits (Prev, Next): (CMBitMap*) 0x000001dacb74d930, (CMBitMap*) 0x000001dacb74d970
 Prev Bits: [0x000001dad7820000, 0x000001dadb748000)
 Next Bits: [0x000001dadb750000, 0x000001dadf678000)

Polling page: 0x000001dac96e0000

Metaspace:

Usage:
  Non-class:      4.89 MB used.
      Class:    698.52 KB used.
       Both:      5.57 MB used.

Virtual space:
  Non-class space:        8.00 MB reserved,       4.94 MB ( 62%) committed,  1 nodes.
      Class space:        1.00 GB reserved,     768.00 KB ( <1%) committed,  1 nodes.
             Both:        1.01 GB reserved,       5.69 MB ( <1%) committed. 

Chunk freelists:
   Non-Class:  2.11 MB
       Class:  3.14 MB
        Both:  5.25 MB

MaxMetaspaceSize: unlimited
CompressedClassSpaceSize: 1.00 GB
Initial GC threshold: 21.00 MB
Current GC threshold: 21.00 MB
CDS: on
MetaspaceReclaimPolicy: balanced
 - commit_granule_bytes: 65536.
 - commit_granule_words: 8192.
 - virtual_space_node_default_size: 1048576.
 - enlarge_chunks_in_place: 1.
 - new_chunks_are_fully_committed: 0.
 - uncommit_free_chunks: 1.
 - use_allocation_guard: 0.
 - handle_deallocations: 1.


Internal statistics:

num_allocs_failed_limit: 0.
num_arena_births: 90.
num_arena_deaths: 0.
num_vsnodes_births: 2.
num_vsnodes_deaths: 0.
num_space_committed: 91.
num_space_uncommitted: 0.
num_chunks_returned_to_freelist: 0.
num_chunks_taken_from_freelist: 149.
num_chunk_merges: 0.
num_chunk_splits: 96.
num_chunks_enlarged: 58.
num_purges: 0.
num_inconsistent_stats: 0.

CodeCache: size=49152Kb used=4442Kb max_used=4442Kb free=44709Kb
 bounds [0x000001dad2f40000, 0x000001dad33a0000, 0x000001dad5f40000]
 total_blobs=1590 nmethods=1136 adapters=379
 compilation: enabled
              stopped_count=0, restarted_count=0
 full_count=0

Compilation events (20 events):
Event: 0.439 Thread 0x000001dae2c16360 nmethod 1125 0x000001dad3392a90 code [0x000001dad3392c40, 0x000001dad3392ec8]
Event: 0.439 Thread 0x000001dae21708d0 nmethod 1127 0x000001dad3393010 code [0x000001dad33931e0, 0x000001dad33934e8]
Event: 0.440 Thread 0x000001dae21708d0 1128       1       java.lang.Byte::<init> (10 bytes)
Event: 0.440 Thread 0x000001dae2cf97a0 1129       1       java.lang.Short::<init> (10 bytes)
Event: 0.440 Thread 0x000001dae21708d0 nmethod 1128 0x000001dad3393690 code [0x000001dad3393820, 0x000001dad33938f8]
Event: 0.440 Thread 0x000001dae2cf97a0 nmethod 1129 0x000001dad3393990 code [0x000001dad3393b20, 0x000001dad3393bf8]
Event: 0.441 Thread 0x000001dae2cf97a0 1130   !   1       java.util.zip.ZipFile$CleanableResource::getInflater (47 bytes)
Event: 0.441 Thread 0x000001dae2c16360 1131       1       java.util.zip.ZipFile$ZipFileInflaterInputStream::<init> (41 bytes)
Event: 0.441 Thread 0x000001dae33e1c30 1132       1       java.util.zip.InflaterInputStream::<init> (79 bytes)
Event: 0.441 Thread 0x000001dae21708d0 1133       1       java.util.zip.ZipFile$InflaterCleanupAction::<init> (15 bytes)
Event: 0.441 Thread 0x000001dae21708d0 nmethod 1133 0x000001dad3393c90 code [0x000001dad3393e20, 0x000001dad3393f98]
Event: 0.441 Thread 0x000001dae21708d0 1134   !   1       java.util.zip.Inflater::needsInput (55 bytes)
Event: 0.441 Thread 0x000001dae33e1c30 nmethod 1132 0x000001dad3394010 code [0x000001dad33941e0, 0x000001dad33947d8]
Event: 0.441 Thread 0x000001dae33e1c30 1135       1       java.util.zip.ZipFile$ZipFileInflaterInputStream::fill (80 bytes)
Event: 0.441 Thread 0x000001dae21708d0 nmethod 1134 0x000001dad3394910 code [0x000001dad3394aa0, 0x000001dad3394cb8]
Event: 0.441 Thread 0x000001dae2c16360 nmethod 1131 0x000001dad3394d90 code [0x000001dad3394f60, 0x000001dad3395398]
Event: 0.441 Thread 0x000001dae2cf97a0 nmethod 1130 0x000001dad3395510 code [0x000001dad3395700, 0x000001dad3395d08]
Event: 0.441 Thread 0x000001dae21708d0 1136   !   1       java.util.zip.Inflater::setInput (69 bytes)
Event: 0.441 Thread 0x000001dae33e1c30 nmethod 1135 0x000001dad3395f10 code [0x000001dad33960e0, 0x000001dad3396308]
Event: 0.441 Thread 0x000001dae21708d0 nmethod 1136 0x000001dad3396490 code [0x000001dad3396640, 0x000001dad3396948]

GC Heap History (0 events):
No events

Deoptimization events (0 events):
No events

Classes unloaded (0 events):
No events

Classes redefined (0 events):
No events

Internal exceptions (12 events):
Event: 0.176 Thread 0x000001dae2c029d0 Exception <a 'java/lang/NoSuchMethodError'{0x0000000712c9a8f0}: 'java.lang.Object java.lang.invoke.DirectMethodHandle$Holder.invokeStaticInit(java.lang.Object)'> (0x0000000712c9a8f0) 
thrown [s\open\src\hotspot\share\interpreter\linkResolver.cpp, line 759]
Event: 0.180 Thread 0x000001dae2c029d0 Exception <a 'java/lang/NoSuchMethodError'{0x0000000712ca86f0}: 'void java.lang.invoke.DirectMethodHandle$Holder.invokeStatic(java.lang.Object, java.lang.Object)'> (0x0000000712ca86f0) 
thrown [s\open\src\hotspot\share\interpreter\linkResolver.cpp, line 759]
Event: 0.196 Thread 0x000001dacb6e0d30 Exception <a 'java/lang/NoSuchMethodError'{0x0000000712c6f088}: 'int java.lang.invoke.DirectMethodHandle$Holder.invokeInterface(java.lang.Object, java.lang.Object)'> (0x0000000712c6f088) 
thrown [s\open\src\hotspot\share\interpreter\linkResolver.cpp, line 759]
Event: 0.197 Thread 0x000001dacb6e0d30 Exception <a 'java/lang/IncompatibleClassChangeError'{0x0000000712c72688}: Found class java.lang.Object, but interface was expected> (0x0000000712c72688) 
thrown [s\open\src\hotspot\share\interpreter\linkResolver.cpp, line 826]
Event: 0.228 Thread 0x000001dacb6e0d30 Exception <a 'java/lang/NoSuchMethodError'{0x0000000712a1f370}: 'int java.lang.invoke.DirectMethodHandle$Holder.invokeSpecial(java.lang.Object, java.lang.Object, java.lang.Object)'> (0x0000000712a1f370) 
thrown [s\open\src\hotspot\share\interpreter\linkResolver.cpp, line 759]
Event: 0.256 Thread 0x000001dacb6e0d30 Exception <a 'java/lang/NoSuchMethodError'{0x0000000712b199d0}: 'void java.lang.invoke.DirectMethodHandle$Holder.invokeStatic(java.lang.Object, java.lang.Object, java.lang.Object)'> (0x0000000712b199d0) 
thrown [s\open\src\hotspot\share\interpreter\linkResolver.cpp, line 759]
Event: 0.262 Thread 0x000001dacb6e0d30 Exception <a 'java/lang/NoSuchMethodError'{0x0000000712b56648}: 'int java.lang.invoke.DirectMethodHandle$Holder.invokeSpecialIFC(java.lang.Object, java.lang.Object, java.lang.Object)'> (0x0000000712b56648) 
thrown [s\open\src\hotspot\share\interpreter\linkResolver.cpp, line 759]
Event: 0.279 Thread 0x000001dacb6e0d30 Exception <a 'java/lang/NoSuchMethodError'{0x0000000712bccc10}: 'java.lang.Object java.lang.invoke.DirectMethodHandle$Holder.invokeStaticInit(java.lang.Object, int, int, int, int)'> (0x0000000712bccc10) 
thrown [s\open\src\hotspot\share\interpreter\linkResolver.cpp, line 759]
Event: 0.321 Thread 0x000001dacb6e0d30 Exception <a 'java/lang/NoSuchMethodError'{0x000000071285efc8}: 'java.lang.Object java.lang.invoke.DirectMethodHandle$Holder.invokeStaticInit(java.lang.Object, java.lang.Object, int, int, int, int)'> (0x000000071285efc8) 
thrown [s\open\src\hotspot\share\interpreter\linkResolver.cpp, line 759]
Event: 0.330 Thread 0x000001dacb6e0d30 Exception <a 'java/lang/ClassNotFoundException'{0x000000071287dd50}: javax/management/remote/rmi/RMIServerImpl_Skel> (0x000000071287dd50) 
thrown [s\open\src\hotspot\share\classfile\systemDictionary.cpp, line 256]
Event: 0.371 Thread 0x000001dacb6e0d30 Exception <a 'java/lang/ClassNotFoundException'{0x00000007126a7998}: javax/smartcardio/CardPermission> (0x00000007126a7998) 
thrown [s\open\src\hotspot\share\classfile\systemDictionary.cpp, line 256]
Event: 0.374 Thread 0x000001dacb6e0d30 Exception <a 'java/io/FileNotFoundException'{0x00000007126b5de8}> (0x00000007126b5de8) 
thrown [s\open\src\hotspot\share\prims\jni.cpp, line 516]

VM Operations (8 events):
Event: 0.102 Executing VM operation: HandshakeAllThreads
Event: 0.102 Executing VM operation: HandshakeAllThreads done
Event: 0.175 Executing VM operation: HandshakeAllThreads
Event: 0.175 Executing VM operation: HandshakeAllThreads done
Event: 0.271 Executing VM operation: HandshakeAllThreads
Event: 0.271 Executing VM operation: HandshakeAllThreads done
Event: 0.430 Executing VM operation: HandshakeAllThreads
Event: 0.430 Executing VM operation: HandshakeAllThreads done

Events (20 events):
Event: 0.429 loading class sun/net/www/protocol/jar/JarURLConnection
Event: 0.430 loading class java/net/JarURLConnection
Event: 0.430 loading class java/net/JarURLConnection done
Event: 0.430 loading class sun/net/www/protocol/jar/JarURLConnection done
Event: 0.430 loading class sun/net/www/protocol/jar/JarFileFactory
Event: 0.430 loading class sun/net/www/protocol/jar/URLJarFile$URLJarFileCloseController
Event: 0.430 loading class sun/net/www/protocol/jar/URLJarFile$URLJarFileCloseController done
Event: 0.430 loading class sun/net/www/protocol/jar/JarFileFactory done
Event: 0.430 loading class sun/net/www/protocol/jar/URLJarFile
Event: 0.430 loading class sun/net/www/protocol/jar/URLJarFile done
Event: 0.431 loading class sun/net/www/protocol/jar/URLJarFile$URLJarFileEntry
Event: 0.431 loading class sun/net/www/protocol/jar/URLJarFile$URLJarFileEntry done
Event: 0.431 loading class sun/net/www/protocol/jar/JarURLConnection$JarURLInputStream
Event: 0.431 loading class sun/net/www/protocol/jar/JarURLConnection$JarURLInputStream done
Event: 0.436 loading class java/lang/invoke/DirectMethodHandle$Special
Event: 0.436 loading class java/lang/invoke/DirectMethodHandle$Special done
Event: 0.440 loading class java/lang/Byte$ByteCache
Event: 0.440 loading class java/lang/Byte$ByteCache done
Event: 0.440 loading class java/lang/Short$ShortCache
Event: 0.440 loading class java/lang/Short$ShortCache done


Dynamic libraries:
0x00007ff7d7300000 - 0x00007ff7d7310000 	D:\jdk17\bin\java.exe
0x00007ffa67e50000 - 0x00007ffa68067000 	C:\WINDOWS\SYSTEM32\ntdll.dll
0x00007ffa66a10000 - 0x00007ffa66ad4000 	C:\WINDOWS\System32\KERNEL32.DLL
0x00007ffa65260000 - 0x00007ffa6560c000 	C:\WINDOWS\System32\KERNELBASE.dll
0x00007ffa65610000 - 0x00007ffa65721000 	C:\WINDOWS\System32\ucrtbase.dll
0x00007ff9fa050000 - 0x00007ff9fa068000 	D:\jdk17\bin\jli.dll
0x00007ffa1f9b0000 - 0x00007ffa1f9ca000 	D:\jdk17\bin\VCRUNTIME140.dll
0x00007ffa65eb0000 - 0x00007ffa65f62000 	C:\WINDOWS\System32\ADVAPI32.dll
0x00007ffa67090000 - 0x00007ffa67137000 	C:\WINDOWS\System32\msvcrt.dll
0x00007ffa66130000 - 0x00007ffa661da000 	C:\WINDOWS\System32\sechost.dll
0x00007ffa65180000 - 0x00007ffa651a8000 	C:\WINDOWS\System32\bcrypt.dll
0x00007ffa67cf0000 - 0x00007ffa67e05000 	C:\WINDOWS\System32\RPCRT4.dll
0x00007ffa661e0000 - 0x00007ffa6638e000 	C:\WINDOWS\System32\USER32.dll
0x00007ffa651b0000 - 0x00007ffa651d6000 	C:\WINDOWS\System32\win32u.dll
0x00007ffa66af0000 - 0x00007ffa66b19000 	C:\WINDOWS\System32\GDI32.dll
0x00007ffa481d0000 - 0x00007ffa48463000 	C:\WINDOWS\WinSxS\amd64_microsoft.windows.common-controls_6595b64144ccf1df_6.0.22621.3672_none_2713b9d173822955\COMCTL32.dll
0x00007ffa657d0000 - 0x00007ffa658e9000 	C:\WINDOWS\System32\gdi32full.dll
0x00007ffa65730000 - 0x00007ffa657ca000 	C:\WINDOWS\System32\msvcp_win.dll
0x00007ffa5a190000 - 0x00007ffa5a19a000 	C:\WINDOWS\SYSTEM32\VERSION.dll
0x00007ffa66b20000 - 0x00007ffa66b51000 	C:\WINDOWS\System32\IMM32.DLL
0x00007ffa42030000 - 0x00007ffa4203c000 	D:\jdk17\bin\vcruntime140_1.dll
0x00007ff9c2b90000 - 0x00007ff9c2c1d000 	D:\jdk17\bin\msvcp140.dll
0x00007ff990ef0000 - 0x00007ff991ab2000 	D:\jdk17\bin\server\jvm.dll
0x00007ffa66ae0000 - 0x00007ffa66ae8000 	C:\WINDOWS\System32\PSAPI.DLL
0x00007ffa46430000 - 0x00007ffa46439000 	C:\WINDOWS\SYSTEM32\WSOCK32.dll
0x00007ffa5eeb0000 - 0x00007ffa5eee4000 	C:\WINDOWS\SYSTEM32\WINMM.dll
0x00007ffa65e30000 - 0x00007ffa65ea1000 	C:\WINDOWS\System32\WS2_32.dll
0x00007ffa641b0000 - 0x00007ffa641c8000 	C:\WINDOWS\SYSTEM32\kernel.appcore.dll
0x00007ffa31830000 - 0x00007ffa3183a000 	D:\jdk17\bin\jimage.dll
0x00007ffa62b50000 - 0x00007ffa62d82000 	C:\WINDOWS\SYSTEM32\DBGHELP.DLL
0x00007ffa66b60000 - 0x00007ffa66ee8000 	C:\WINDOWS\System32\combase.dll
0x00007ffa65d50000 - 0x00007ffa65e27000 	C:\WINDOWS\System32\OLEAUT32.dll
0x00007ffa551d0000 - 0x00007ffa55202000 	C:\WINDOWS\SYSTEM32\dbgcore.DLL
0x00007ffa651e0000 - 0x00007ffa6525b000 	C:\WINDOWS\System32\bcryptPrimitives.dll
0x00007ffa5eff0000 - 0x00007ffa5effe000 	D:\jdk17\bin\instrument.dll
0x00007ff9f8430000 - 0x00007ff9f8455000 	D:\jdk17\bin\java.dll
0x00007ff9c1710000 - 0x00007ff9c17e6000 	D:\jdk17\bin\jsvml.dll
0x00007ffa67220000 - 0x00007ffa67a7c000 	C:\WINDOWS\System32\SHELL32.dll
0x00007ffa630d0000 - 0x00007ffa639c7000 	C:\WINDOWS\SYSTEM32\windows.storage.dll
0x00007ffa62f90000 - 0x00007ffa630cf000 	C:\WINDOWS\SYSTEM32\wintypes.dll
0x00007ffa66ef0000 - 0x00007ffa66fe4000 	C:\WINDOWS\System32\SHCORE.dll
0x00007ffa671a0000 - 0x00007ffa671fe000 	C:\WINDOWS\System32\shlwapi.dll
0x00007ffa650b0000 - 0x00007ffa650d1000 	C:\WINDOWS\SYSTEM32\profapi.dll
0x00007ff9f83e0000 - 0x00007ff9f83f8000 	D:\jdk17\bin\zip.dll
0x00007ff9f98d0000 - 0x00007ff9f98e9000 	D:\jdk17\bin\net.dll
0x00007ffa5fe90000 - 0x00007ffa5ffc6000 	C:\WINDOWS\SYSTEM32\WINHTTP.dll
0x00007ffa64620000 - 0x00007ffa64689000 	C:\WINDOWS\system32\mswsock.dll
0x00007ff9f86e0000 - 0x00007ff9f86f6000 	D:\jdk17\bin\nio.dll
0x00007ffa63ca0000 - 0x00007ffa63d98000 	C:\WINDOWS\SYSTEM32\DNSAPI.dll
0x00007ffa63c30000 - 0x00007ffa63c5d000 	C:\WINDOWS\SYSTEM32\IPHLPAPI.DLL
0x00007ffa67aa0000 - 0x00007ffa67aa9000 	C:\WINDOWS\System32\NSI.dll
0x00007ffa59c30000 - 0x00007ffa59c3a000 	C:\Windows\System32\rasadhlp.dll
0x00007ffa5a1a0000 - 0x00007ffa5a223000 	C:\WINDOWS\System32\fwpuclnt.dll
0x00007ffa5ef20000 - 0x00007ffa5ef29000 	D:\jdk17\bin\management.dll
0x00007ffa5ef00000 - 0x00007ffa5ef0b000 	D:\jdk17\bin\management_ext.dll
0x00007ffa64880000 - 0x00007ffa6489b000 	C:\WINDOWS\SYSTEM32\CRYPTSP.dll
0x00007ffa64110000 - 0x00007ffa64145000 	C:\WINDOWS\system32\rsaenh.dll
0x00007ffa64720000 - 0x00007ffa64748000 	C:\WINDOWS\SYSTEM32\USERENV.dll
0x00007ffa648a0000 - 0x00007ffa648ac000 	C:\WINDOWS\SYSTEM32\CRYPTBASE.dll
0x00007ffa60110000 - 0x00007ffa60129000 	C:\WINDOWS\SYSTEM32\dhcpcsvc6.DLL
0x00007ffa5f7b0000 - 0x00007ffa5f7cf000 	C:\WINDOWS\SYSTEM32\dhcpcsvc.DLL
0x00007ffa480f0000 - 0x00007ffa48107000 	C:\WINDOWS\system32\napinsp.dll
0x00007ffa48090000 - 0x00007ffa480ab000 	C:\WINDOWS\system32\pnrpnsp.dll
0x00007ffa48070000 - 0x00007ffa48081000 	C:\WINDOWS\System32\winrnr.dll
0x00007ffa5d750000 - 0x00007ffa5d765000 	C:\WINDOWS\system32\wshbth.dll
0x00007ffa33130000 - 0x00007ffa33157000 	C:\WINDOWS\system32\nlansp_c.dll
0x00007ffa254f0000 - 0x00007ffa25500000 	D:\jdk17\bin\verify.dll

dbghelp: loaded successfully - version: 4.0.5 - missing functions: none
symbol engine: initialized successfully - sym options: 0x614 - pdb path: .;D:\jdk17\bin;C:\WINDOWS\SYSTEM32;C:\WINDOWS\WinSxS\amd64_microsoft.windows.common-controls_6595b64144ccf1df_6.0.22621.3672_none_2713b9d173822955;D:\jdk17\bin\server

VM Arguments:
jvm_args: -XX:TieredStopAtLevel=1 -Dspring.output.ansi.enabled=always -Dcom.sun.management.jmxremote -Dspring.jmx.enabled=true -Dspring.liveBeansView.mbeanDomain -Dspring.application.admin.enabled=true -Dmanagement.endpoints.jmx.exposure.include=* -javaagent:D:\桌面\新建文件夹 (5)\黑马旅游网资料\ideaIU-2022.3.1.win\ideaIU-2022.3.1.win\ideaIU-2022.3.1.win\lib\idea_rt.jar=57306:D:\桌面\新建文件夹 (5)\黑马旅游网资料\ideaIU-2022.3.1.win\ideaIU-2022.3.1.win\ideaIU-2022.3.1.win\bin -Dfile.encoding=UTF-8 
java_command: com.SpringbootSchemaApplication
java_class_path (initial): D:\桌面\项目管理作业\springboot077基于SpringBoot的汽车票网上预订系统8--论文pf\springboot0t1t7\target\classes;C:\Users\曾伟峰\.m2\repository\org\springframework\boot\spring-boot-starter-web\2.2.2.RELEASE\spring-boot-starter-web-2.2.2.RELEASE.jar;C:\Users\曾伟峰\.m2\repository\org\springframework\boot\spring-boot-starter\2.2.2.RELEASE\spring-boot-starter-2.2.2.RELEASE.jar;C:\Users\曾伟峰\.m2\repository\org\springframework\boot\spring-boot\2.2.2.RELEASE\spring-boot-2.2.2.RELEASE.jar;C:\Users\曾伟峰\.m2\repository\org\springframework\boot\spring-boot-starter-logging\2.2.2.RELEASE\spring-boot-starter-logging-2.2.2.RELEASE.jar;C:\Users\曾伟峰\.m2\repository\ch\qos\logback\logback-classic\1.2.3\logback-classic-1.2.3.jar;C:\Users\曾伟峰\.m2\repository\ch\qos\logback\logback-core\1.2.3\logback-core-1.2.3.jar;C:\Users\曾伟峰\.m2\repository\org\apache\logging\log4j\log4j-to-slf4j\2.12.1\log4j-to-slf4j-2.12.1.jar;C:\Users\曾伟峰\.m2\repository\org\apache\logging\log4j\log4j-api\2.12.1\log4j-api-2.12.1.jar;C:\Users\曾伟峰\.m2\repository\org\slf4j\jul-to-slf4j\1.7.29\jul-to-slf4j-1.7.29.jar;C:\Users\曾伟峰\.m2\repository\jakarta\annotation\jakarta.annotation-api\1.3.5\jakarta.annotation-api-1.3.5.jar;C:\Users\曾伟峰\.m2\repository\org\yaml\snakeyaml\1.25\snakeyaml-1.25.jar;C:\Users\曾伟峰\.m2\repository\org\springframework\boot\spring-boot-starter-json\2.2.2.RELEASE\spring-boot-starter-json-2.2.2.RELEASE.jar;C:\Users\曾伟峰\.m2\repository\com\fasterxml\jackson\core\jackson-databind\2.10.1\jackson-databind-2.10.1.jar;C:\Users\曾伟峰\.m2\repository\com\fasterxml\jackson\core\jackson-annotations\2.10.1\jackson-annotations-2.10.1.jar;C:\Users\曾伟峰\.m2\repository\com\fasterxml\jackson\core\jackson-core\2.10.1\jackson-core-2.10.1.jar;C:\Users\曾伟峰\.m2\repository\com\fasterxml\jackson\datatype\jackson-datatype-jdk8\2.10.1\jackson-datatype-jdk8-2.10.1.jar;C:\Users\曾伟峰\.m2\repository\com\fasterxml\jackson\datatype\jackson-datatype-jsr310\2.10.1\jackson-
Launcher Type: SUN_STANDARD

[Global flags]
     intx CICompilerCount                          = 4                                         {product} {ergonomic}
     uint ConcGCThreads                            = 2                                         {product} {ergonomic}
     uint G1ConcRefinementThreads                  = 8                                         {product} {ergonomic}
   size_t G1HeapRegionSize                         = 2097152                                   {product} {ergonomic}
    uintx GCDrainStackTargetSize                   = 64                                        {product} {ergonomic}
   size_t InitialHeapSize                          = 266338304                                 {product} {ergonomic}
     bool ManagementServer                         = true                                      {product} {command line}
   size_t MarkStackSize                            = 4194304                                   {product} {ergonomic}
   size_t MaxHeapSize                              = 4238344192                                {product} {ergonomic}
   size_t MaxNewSize                               = 2541748224                                {product} {ergonomic}
   size_t MinHeapDeltaBytes                        = 2097152                                   {product} {ergonomic}
   size_t MinHeapSize                              = 8388608                                   {product} {ergonomic}
    uintx NonProfiledCodeHeapSize                  = 0                                      {pd product} {ergonomic}
     bool ProfileInterpreter                       = false                                  {pd product} {command line}
    uintx ProfiledCodeHeapSize                     = 0                                      {pd product} {ergonomic}
   size_t SoftMaxHeapSize                          = 4238344192                             {manageable} {ergonomic}
     intx TieredStopAtLevel                        = 1                                         {product} {command line}
     bool UseCompressedClassPointers               = true                           {product lp64_product} {ergonomic}
     bool UseCompressedOops                        = true                           {product lp64_product} {ergonomic}
     bool UseG1GC                                  = true                                      {product} {ergonomic}
     bool UseLargePagesIndividualAllocation        = false                                  {pd product} {ergonomic}

Logging:
Log output configuration:
 #0: stdout all=warning uptime,level,tags
 #1: stderr all=off uptime,level,tags

Environment Variables:
JAVA_HOME=D:\jdk17
PATH=C:\Program Files\Common Files\Oracle\Java\javapath;C:\Program Files\Eclipse Foundation\jdk-8.0.302.8-hotspot\bin;C:\Windows\system32;C:\Windows;C:\Windows\System32\Wbem;C:\Windows\System32\WindowsPowerShell\v1.0\;C:\Windows\System32\OpenSSH\;C:\Program Files (x86)\NVIDIA Corporation\PhysX\Common;C:\Program Files\NVIDIA Corporation\NVIDIA NvDLISR;C:\WINDOWS\system32;C:\WINDOWS;C:\WINDOWS\System32\Wbem;C:\WINDOWS\System32\WindowsPowerShell\v1.0\;C:\WINDOWS\System32\OpenSSH\;C:\Program Files\Microsoft SQL Server\Client SDK\ODBC\170\Tools\Binn\;C:\Program Files (x86)\Microsoft SQL Server\150\Tools\Binn\;C:\Program Files\Microsoft SQL Server\150\Tools\Binn\;C:\Program Files\Microsoft SQL Server\150\DTS\Binn\;C:\Program Files (x86)\Microsoft SQL Server\150\DTS\Binn\;C:\Program Files\Azure Data Studio\bin;C:\Program Files\dotnet\;C:\Program Files\Microsoft SQL Server\130\Tools\Binn\;C:\Program Files\Microsoft SQL Server\110\Tools\Binn\;C:\Program Files (x86)\Microsoft SQL Server\110\Tools\Binn\;C:\Program Files (x86)\Microsoft SQL Server\110\DTS\Binn\;C:\Program Files\Microsoft SQL Server\110\DTS\Binn\;D:\Anaconda\;D:\Anaconda\Scripts\;D:\Anaconda\Library\mingw-w64\bin\;D:\Anaconda\Library\usr\bin\;D:\Anaconda\Library\bin\;C:\Progr;mData\chocolatey\bin;D:\node\;k17\bin;D:\桌面\propro\apache-maven-3.6.1\bin;D;\桌面\新建文件夹 (5)\propro\apache-maven-3.6.3\bin;;;;D:\新建文件夹 (3)\git\Git\cmd;C:\Program Files\MySQL\MySQL Shell 8.0\bin\;D:\pycharm\.idea\inspectionProfiles\新建文件夹\Scripts\;D:\pycharm\.idea\inspectionProfiles\新建文件夹\;D:\Anaconda3-2022.05-Wi;D:\Anaconda3-2022.05-Wi\Library\mingw-w64\bin;D:\Anaconda3-2022.05-Wi\Library\usr\bin;D:\Anaconda3-2022.05-Wi\Library\bin;D:\Anaconda3-2022.05-Wi\Scripts;C:\Users\曾伟峰\AppData\Local\Microsoft\WindowsApps;C:\Program Files\Azure Data Studio\bin;D:\pycharm\PyCharm Community Edition 2022.2.3\bin;;C:\Users\曾伟峰\.dotnet\tools;D:\vscode\Microsoft VS Code\bin;D:\webstorm\WebStorm 2023.1.2\bin;;C:\Users\曾伟峰\AppData\Ro
USERNAME=ZENG
OS=Windows_NT
PROCESSOR_IDENTIFIER=Intel64 Family 6 Model 140 Stepping 2, GenuineIntel



---------------  S Y S T E M  ---------------

OS:
 Windows 11 , 64 bit Build 22621 (10.0.22621.3672)
OS uptime: 0 days 6:12 hours

CPU: total 8 (initial active 8) (4 cores per cpu, 2 threads per core) family 6 model 140 stepping 2 microcode 0x22, cx8, cmov, fxsr, ht, mmx, 3dnowpref, sse, sse2, sse3, ssse3, sse4.1, sse4.2, popcnt, lzcnt, tsc, tscinvbit, avx, avx2, aes, erms, clmul, bmi1, bmi2, adx, avx512f, avx512dq, avx512cd, avx512bw, avx512vl, sha, fma, vzeroupper, avx512_vpopcntdq, avx512_vpclmulqdq, avx512_vaes, avx512_vnni, clflush, clflushopt, clwb, avx512_vbmi2, avx512_vbmi

Memory: 4k page, system-wide physical 16167M (4024M free)
TotalPageFile size 16167M (AvailPageFile size 4M)
current process WorkingSet (physical memory assigned to process): 62M, peak: 62M
current process commit charge ("private bytes"): 351M, peak: 351M

vm_info: Java HotSpot(TM) 64-Bit Server VM (17.0.4+11-LTS-179) for windows-amd64 JRE (17.0.4+11-LTS-179), built on Jun 28 2022 08:23:05 by "mach5one" with MS VC++ 16.8 / 16.9 (VS2019)

END.
